{"C:\\Projects\\Aptos\\GraphQL\\src\\components\\indexer.js": {"path":"C:\\Projects\\Aptos\\GraphQL\\src\\components\\indexer.js","statementMap":{"0":{"start":{"line":3,"column":27},"end":{"line":18,"column":1}},"1":{"start":{"line":4,"column":16},"end":{"line":15,"column":5}},"2":{"start":{"line":17,"column":4},"end":{"line":17,"column":34}},"3":{"start":{"line":20,"column":29},"end":{"line":26,"column":1}},"4":{"start":{"line":21,"column":4},"end":{"line":25,"column":5}},"5":{"start":{"line":22,"column":8},"end":{"line":22,"column":44}},"6":{"start":{"line":24,"column":8},"end":{"line":24,"column":39}},"7":{"start":{"line":28,"column":34},"end":{"line":39,"column":1}},"8":{"start":{"line":29,"column":16},"end":{"line":36,"column":5}},"9":{"start":{"line":38,"column":4},"end":{"line":38,"column":34}},"10":{"start":{"line":41,"column":36},"end":{"line":47,"column":1}},"11":{"start":{"line":42,"column":4},"end":{"line":46,"column":5}},"12":{"start":{"line":43,"column":8},"end":{"line":43,"column":58}},"13":{"start":{"line":45,"column":8},"end":{"line":45,"column":46}},"14":{"start":{"line":49,"column":37},"end":{"line":57,"column":1}},"15":{"start":{"line":50,"column":16},"end":{"line":54,"column":5}},"16":{"start":{"line":56,"column":4},"end":{"line":56,"column":34}},"17":{"start":{"line":58,"column":39},"end":{"line":65,"column":1}},"18":{"start":{"line":59,"column":16},"end":{"line":62,"column":5}},"19":{"start":{"line":64,"column":4},"end":{"line":64,"column":34}},"20":{"start":{"line":67,"column":39},"end":{"line":73,"column":1}},"21":{"start":{"line":68,"column":4},"end":{"line":72,"column":5}},"22":{"start":{"line":69,"column":8},"end":{"line":69,"column":64}},"23":{"start":{"line":71,"column":8},"end":{"line":71,"column":49}},"24":{"start":{"line":75,"column":41},"end":{"line":81,"column":1}},"25":{"start":{"line":76,"column":4},"end":{"line":80,"column":5}},"26":{"start":{"line":77,"column":8},"end":{"line":77,"column":68}},"27":{"start":{"line":79,"column":8},"end":{"line":79,"column":51}},"28":{"start":{"line":83,"column":42},"end":{"line":103,"column":1}},"29":{"start":{"line":84,"column":16},"end":{"line":100,"column":5}},"30":{"start":{"line":102,"column":4},"end":{"line":102,"column":43}},"31":{"start":{"line":105,"column":37},"end":{"line":105,"column":55}},"32":{"start":{"line":106,"column":37},"end":{"line":106,"column":65}},"33":{"start":{"line":107,"column":38},"end":{"line":107,"column":68}},"34":{"start":{"line":109,"column":48},"end":{"line":130,"column":1}},"35":{"start":{"line":110,"column":16},"end":{"line":127,"column":5}},"36":{"start":{"line":129,"column":4},"end":{"line":129,"column":49}},"37":{"start":{"line":132,"column":50},"end":{"line":138,"column":1}},"38":{"start":{"line":133,"column":4},"end":{"line":137,"column":5}},"39":{"start":{"line":134,"column":8},"end":{"line":134,"column":78}},"40":{"start":{"line":136,"column":8},"end":{"line":136,"column":68}},"41":{"start":{"line":139,"column":51},"end":{"line":145,"column":1}},"42":{"start":{"line":140,"column":4},"end":{"line":144,"column":5}},"43":{"start":{"line":141,"column":8},"end":{"line":141,"column":108}},"44":{"start":{"line":143,"column":8},"end":{"line":143,"column":69}},"45":{"start":{"line":146,"column":51},"end":{"line":152,"column":1}},"46":{"start":{"line":147,"column":4},"end":{"line":151,"column":5}},"47":{"start":{"line":148,"column":8},"end":{"line":148,"column":108}},"48":{"start":{"line":150,"column":8},"end":{"line":150,"column":69}},"49":{"start":{"line":153,"column":52},"end":{"line":159,"column":1}},"50":{"start":{"line":154,"column":4},"end":{"line":158,"column":5}},"51":{"start":{"line":155,"column":8},"end":{"line":155,"column":110}},"52":{"start":{"line":157,"column":8},"end":{"line":157,"column":70}},"53":{"start":{"line":161,"column":28},"end":{"line":173,"column":1}},"54":{"start":{"line":162,"column":16},"end":{"line":170,"column":5}},"55":{"start":{"line":172,"column":4},"end":{"line":172,"column":37}},"56":{"start":{"line":175,"column":33},"end":{"line":181,"column":1}},"57":{"start":{"line":176,"column":4},"end":{"line":180,"column":5}},"58":{"start":{"line":177,"column":8},"end":{"line":177,"column":49}},"59":{"start":{"line":179,"column":8},"end":{"line":179,"column":43}},"60":{"start":{"line":183,"column":30},"end":{"line":195,"column":1}},"61":{"start":{"line":184,"column":16},"end":{"line":192,"column":5}},"62":{"start":{"line":194,"column":4},"end":{"line":194,"column":43}},"63":{"start":{"line":197,"column":35},"end":{"line":203,"column":1}},"64":{"start":{"line":198,"column":4},"end":{"line":202,"column":5}},"65":{"start":{"line":199,"column":8},"end":{"line":199,"column":53}},"66":{"start":{"line":201,"column":8},"end":{"line":201,"column":46}},"67":{"start":{"line":205,"column":22},"end":{"line":217,"column":1}},"68":{"start":{"line":206,"column":16},"end":{"line":214,"column":31}},"69":{"start":{"line":216,"column":4},"end":{"line":216,"column":43}},"70":{"start":{"line":219,"column":31},"end":{"line":232,"column":1}},"71":{"start":{"line":220,"column":16},"end":{"line":229,"column":5}},"72":{"start":{"line":231,"column":4},"end":{"line":231,"column":56}},"73":{"start":{"line":234,"column":36},"end":{"line":240,"column":1}},"74":{"start":{"line":235,"column":4},"end":{"line":239,"column":5}},"75":{"start":{"line":236,"column":8},"end":{"line":236,"column":55}},"76":{"start":{"line":238,"column":8},"end":{"line":238,"column":46}},"77":{"start":{"line":242,"column":34},"end":{"line":255,"column":1}},"78":{"start":{"line":243,"column":16},"end":{"line":252,"column":5}},"79":{"start":{"line":254,"column":4},"end":{"line":254,"column":55}},"80":{"start":{"line":257,"column":39},"end":{"line":263,"column":1}},"81":{"start":{"line":258,"column":4},"end":{"line":262,"column":5}},"82":{"start":{"line":259,"column":8},"end":{"line":259,"column":61}},"83":{"start":{"line":261,"column":8},"end":{"line":261,"column":49}},"84":{"start":{"line":265,"column":31},"end":{"line":277,"column":1}},"85":{"start":{"line":266,"column":16},"end":{"line":274,"column":5}},"86":{"start":{"line":276,"column":4},"end":{"line":276,"column":37}},"87":{"start":{"line":279,"column":33},"end":{"line":285,"column":1}},"88":{"start":{"line":280,"column":4},"end":{"line":284,"column":5}},"89":{"start":{"line":281,"column":8},"end":{"line":281,"column":52}},"90":{"start":{"line":283,"column":8},"end":{"line":283,"column":43}},"91":{"start":{"line":287,"column":26},"end":{"line":301,"column":1}},"92":{"start":{"line":288,"column":16},"end":{"line":298,"column":5}},"93":{"start":{"line":300,"column":4},"end":{"line":300,"column":34}},"94":{"start":{"line":303,"column":31},"end":{"line":309,"column":1}},"95":{"start":{"line":304,"column":4},"end":{"line":308,"column":5}},"96":{"start":{"line":305,"column":8},"end":{"line":305,"column":45}},"97":{"start":{"line":307,"column":8},"end":{"line":307,"column":41}}},"fnMap":{"0":{"name":"(anonymous_0)","decl":{"start":{"line":3,"column":27},"end":{"line":3,"column":28}},"loc":{"start":{"line":3,"column":39},"end":{"line":18,"column":1}},"line":3},"1":{"name":"(anonymous_1)","decl":{"start":{"line":20,"column":29},"end":{"line":20,"column":30}},"loc":{"start":{"line":20,"column":41},"end":{"line":26,"column":1}},"line":20},"2":{"name":"(anonymous_2)","decl":{"start":{"line":28,"column":34},"end":{"line":28,"column":35}},"loc":{"start":{"line":28,"column":46},"end":{"line":39,"column":1}},"line":28},"3":{"name":"(anonymous_3)","decl":{"start":{"line":41,"column":36},"end":{"line":41,"column":37}},"loc":{"start":{"line":41,"column":48},"end":{"line":47,"column":1}},"line":41},"4":{"name":"(anonymous_4)","decl":{"start":{"line":49,"column":37},"end":{"line":49,"column":38}},"loc":{"start":{"line":49,"column":49},"end":{"line":57,"column":1}},"line":49},"5":{"name":"(anonymous_5)","decl":{"start":{"line":58,"column":39},"end":{"line":58,"column":40}},"loc":{"start":{"line":58,"column":51},"end":{"line":65,"column":1}},"line":58},"6":{"name":"(anonymous_6)","decl":{"start":{"line":67,"column":39},"end":{"line":67,"column":40}},"loc":{"start":{"line":67,"column":51},"end":{"line":73,"column":1}},"line":67},"7":{"name":"(anonymous_7)","decl":{"start":{"line":75,"column":41},"end":{"line":75,"column":42}},"loc":{"start":{"line":75,"column":53},"end":{"line":81,"column":1}},"line":75},"8":{"name":"(anonymous_8)","decl":{"start":{"line":83,"column":42},"end":{"line":83,"column":43}},"loc":{"start":{"line":83,"column":64},"end":{"line":103,"column":1}},"line":83},"9":{"name":"(anonymous_9)","decl":{"start":{"line":109,"column":48},"end":{"line":109,"column":49}},"loc":{"start":{"line":109,"column":100},"end":{"line":130,"column":1}},"line":109},"10":{"name":"(anonymous_10)","decl":{"start":{"line":132,"column":50},"end":{"line":132,"column":51}},"loc":{"start":{"line":132,"column":72},"end":{"line":138,"column":1}},"line":132},"11":{"name":"(anonymous_11)","decl":{"start":{"line":139,"column":51},"end":{"line":139,"column":52}},"loc":{"start":{"line":139,"column":73},"end":{"line":145,"column":1}},"line":139},"12":{"name":"(anonymous_12)","decl":{"start":{"line":146,"column":51},"end":{"line":146,"column":52}},"loc":{"start":{"line":146,"column":73},"end":{"line":152,"column":1}},"line":146},"13":{"name":"(anonymous_13)","decl":{"start":{"line":153,"column":52},"end":{"line":153,"column":53}},"loc":{"start":{"line":153,"column":74},"end":{"line":159,"column":1}},"line":153},"14":{"name":"(anonymous_14)","decl":{"start":{"line":161,"column":28},"end":{"line":161,"column":29}},"loc":{"start":{"line":161,"column":40},"end":{"line":173,"column":1}},"line":161},"15":{"name":"(anonymous_15)","decl":{"start":{"line":175,"column":33},"end":{"line":175,"column":34}},"loc":{"start":{"line":175,"column":45},"end":{"line":181,"column":1}},"line":175},"16":{"name":"(anonymous_16)","decl":{"start":{"line":183,"column":30},"end":{"line":183,"column":31}},"loc":{"start":{"line":183,"column":52},"end":{"line":195,"column":1}},"line":183},"17":{"name":"(anonymous_17)","decl":{"start":{"line":197,"column":35},"end":{"line":197,"column":36}},"loc":{"start":{"line":197,"column":47},"end":{"line":203,"column":1}},"line":197},"18":{"name":"(anonymous_18)","decl":{"start":{"line":205,"column":22},"end":{"line":205,"column":23}},"loc":{"start":{"line":205,"column":62},"end":{"line":217,"column":1}},"line":205},"19":{"name":"(anonymous_19)","decl":{"start":{"line":219,"column":31},"end":{"line":219,"column":32}},"loc":{"start":{"line":219,"column":55},"end":{"line":232,"column":1}},"line":219},"20":{"name":"(anonymous_20)","decl":{"start":{"line":234,"column":36},"end":{"line":234,"column":37}},"loc":{"start":{"line":234,"column":48},"end":{"line":240,"column":1}},"line":234},"21":{"name":"(anonymous_21)","decl":{"start":{"line":242,"column":34},"end":{"line":242,"column":35}},"loc":{"start":{"line":242,"column":58},"end":{"line":255,"column":1}},"line":242},"22":{"name":"(anonymous_22)","decl":{"start":{"line":257,"column":39},"end":{"line":257,"column":40}},"loc":{"start":{"line":257,"column":51},"end":{"line":263,"column":1}},"line":257},"23":{"name":"(anonymous_23)","decl":{"start":{"line":265,"column":31},"end":{"line":265,"column":32}},"loc":{"start":{"line":265,"column":43},"end":{"line":277,"column":1}},"line":265},"24":{"name":"(anonymous_24)","decl":{"start":{"line":279,"column":33},"end":{"line":279,"column":34}},"loc":{"start":{"line":279,"column":45},"end":{"line":285,"column":1}},"line":279},"25":{"name":"(anonymous_25)","decl":{"start":{"line":287,"column":26},"end":{"line":287,"column":27}},"loc":{"start":{"line":287,"column":42},"end":{"line":301,"column":1}},"line":287},"26":{"name":"(anonymous_26)","decl":{"start":{"line":303,"column":31},"end":{"line":303,"column":32}},"loc":{"start":{"line":303,"column":43},"end":{"line":309,"column":1}},"line":303}},"branchMap":{"0":{"loc":{"start":{"line":83,"column":49},"end":{"line":83,"column":59}},"type":"default-arg","locations":[{"start":{"line":83,"column":57},"end":{"line":83,"column":59}}],"line":83},"1":{"loc":{"start":{"line":109,"column":55},"end":{"line":109,"column":83}},"type":"default-arg","locations":[{"start":{"line":109,"column":62},"end":{"line":109,"column":83}}],"line":109},"2":{"loc":{"start":{"line":109,"column":85},"end":{"line":109,"column":95}},"type":"default-arg","locations":[{"start":{"line":109,"column":93},"end":{"line":109,"column":95}}],"line":109},"3":{"loc":{"start":{"line":132,"column":57},"end":{"line":132,"column":67}},"type":"default-arg","locations":[{"start":{"line":132,"column":65},"end":{"line":132,"column":67}}],"line":132},"4":{"loc":{"start":{"line":139,"column":58},"end":{"line":139,"column":68}},"type":"default-arg","locations":[{"start":{"line":139,"column":66},"end":{"line":139,"column":68}}],"line":139},"5":{"loc":{"start":{"line":146,"column":58},"end":{"line":146,"column":68}},"type":"default-arg","locations":[{"start":{"line":146,"column":66},"end":{"line":146,"column":68}}],"line":146},"6":{"loc":{"start":{"line":153,"column":59},"end":{"line":153,"column":69}},"type":"default-arg","locations":[{"start":{"line":153,"column":67},"end":{"line":153,"column":69}}],"line":153},"7":{"loc":{"start":{"line":183,"column":37},"end":{"line":183,"column":47}},"type":"default-arg","locations":[{"start":{"line":183,"column":45},"end":{"line":183,"column":47}}],"line":183},"8":{"loc":{"start":{"line":205,"column":29},"end":{"line":205,"column":45}},"type":"default-arg","locations":[{"start":{"line":205,"column":37},"end":{"line":205,"column":45}}],"line":205},"9":{"loc":{"start":{"line":205,"column":47},"end":{"line":205,"column":57}},"type":"default-arg","locations":[{"start":{"line":205,"column":55},"end":{"line":205,"column":57}}],"line":205},"10":{"loc":{"start":{"line":219,"column":38},"end":{"line":219,"column":50}},"type":"default-arg","locations":[{"start":{"line":219,"column":46},"end":{"line":219,"column":50}}],"line":219},"11":{"loc":{"start":{"line":242,"column":41},"end":{"line":242,"column":53}},"type":"default-arg","locations":[{"start":{"line":242,"column":49},"end":{"line":242,"column":53}}],"line":242}},"s":{"0":0,"1":0,"2":0,"3":0,"4":0,"5":0,"6":0,"7":0,"8":0,"9":0,"10":0,"11":0,"12":0,"13":0,"14":0,"15":0,"16":0,"17":0,"18":0,"19":0,"20":0,"21":0,"22":0,"23":0,"24":0,"25":0,"26":0,"27":0,"28":0,"29":0,"30":0,"31":0,"32":0,"33":0,"34":0,"35":0,"36":0,"37":0,"38":0,"39":0,"40":0,"41":0,"42":0,"43":0,"44":0,"45":0,"46":0,"47":0,"48":0,"49":0,"50":0,"51":0,"52":0,"53":0,"54":0,"55":0,"56":0,"57":0,"58":0,"59":0,"60":0,"61":0,"62":0,"63":0,"64":0,"65":0,"66":0,"67":0,"68":0,"69":0,"70":0,"71":0,"72":0,"73":0,"74":0,"75":0,"76":0,"77":0,"78":0,"79":0,"80":0,"81":0,"82":0,"83":0,"84":0,"85":0,"86":0,"87":0,"88":0,"89":0,"90":0,"91":0,"92":0,"93":0,"94":0,"95":0,"96":0,"97":0},"f":{"0":0,"1":0,"2":0,"3":0,"4":0,"5":0,"6":0,"7":0,"8":0,"9":0,"10":0,"11":0,"12":0,"13":0,"14":0,"15":0,"16":0,"17":0,"18":0,"19":0,"20":0,"21":0,"22":0,"23":0,"24":0,"25":0,"26":0},"b":{"0":[0],"1":[0],"2":[0],"3":[0],"4":[0],"5":[0],"6":[0],"7":[0],"8":[0],"9":[0],"10":[0],"11":[0]}}
,"C:\\Projects\\Aptos\\GraphQL\\src\\components\\postgres.js": {"path":"C:\\Projects\\Aptos\\GraphQL\\src\\components\\postgres.js","statementMap":{"0":{"start":{"line":5,"column":17},"end":{"line":5,"column":19}},"1":{"start":{"line":7,"column":19},"end":{"line":25,"column":1}},"2":{"start":{"line":8,"column":52},"end":{"line":8,"column":66}},"3":{"start":{"line":9,"column":25},"end":{"line":9,"column":41}},"4":{"start":{"line":11,"column":17},"end":{"line":17,"column":6}},"5":{"start":{"line":19,"column":4},"end":{"line":22,"column":6}},"6":{"start":{"line":20,"column":8},"end":{"line":20,"column":68}},"7":{"start":{"line":21,"column":8},"end":{"line":21,"column":24}},"8":{"start":{"line":24,"column":4},"end":{"line":24,"column":15}},"9":{"start":{"line":27,"column":34},"end":{"line":38,"column":1}},"10":{"start":{"line":28,"column":4},"end":{"line":28,"column":38}},"11":{"start":{"line":30,"column":17},"end":{"line":30,"column":36}},"12":{"start":{"line":32,"column":4},"end":{"line":37,"column":6}},"13":{"start":{"line":33,"column":8},"end":{"line":35,"column":9}},"14":{"start":{"line":34,"column":12},"end":{"line":34,"column":21}},"15":{"start":{"line":36,"column":8},"end":{"line":36,"column":111}},"16":{"start":{"line":40,"column":30},"end":{"line":55,"column":1}},"17":{"start":{"line":41,"column":19},"end":{"line":41,"column":54}},"18":{"start":{"line":43,"column":4},"end":{"line":48,"column":6}},"19":{"start":{"line":44,"column":8},"end":{"line":46,"column":9}},"20":{"start":{"line":45,"column":12},"end":{"line":45,"column":21}},"21":{"start":{"line":47,"column":8},"end":{"line":47,"column":45}},"22":{"start":{"line":49,"column":4},"end":{"line":54,"column":6}},"23":{"start":{"line":50,"column":8},"end":{"line":50,"column":59}},"24":{"start":{"line":51,"column":8},"end":{"line":53,"column":9}},"25":{"start":{"line":52,"column":12},"end":{"line":52,"column":72}},"26":{"start":{"line":57,"column":21},"end":{"line":76,"column":1}},"27":{"start":{"line":58,"column":19},"end":{"line":58,"column":54}},"28":{"start":{"line":59,"column":17},"end":{"line":59,"column":21}},"29":{"start":{"line":61,"column":4},"end":{"line":73,"column":5}},"30":{"start":{"line":62,"column":22},"end":{"line":62,"column":32}},"31":{"start":{"line":63,"column":20},"end":{"line":63,"column":44}},"32":{"start":{"line":64,"column":25},"end":{"line":64,"column":43}},"33":{"start":{"line":65,"column":8},"end":{"line":67,"column":9}},"34":{"start":{"line":66,"column":12},"end":{"line":66,"column":92}},"35":{"start":{"line":68,"column":8},"end":{"line":68,"column":20}},"36":{"start":{"line":70,"column":8},"end":{"line":70,"column":57}},"37":{"start":{"line":72,"column":8},"end":{"line":72,"column":24}},"38":{"start":{"line":75,"column":4},"end":{"line":75,"column":17}},"39":{"start":{"line":78,"column":21},"end":{"line":103,"column":1}},"40":{"start":{"line":79,"column":4},"end":{"line":79,"column":25}},"41":{"start":{"line":79,"column":19},"end":{"line":79,"column":25}},"42":{"start":{"line":80,"column":19},"end":{"line":80,"column":54}},"43":{"start":{"line":82,"column":4},"end":{"line":101,"column":5}},"44":{"start":{"line":83,"column":22},"end":{"line":83,"column":32}},"45":{"start":{"line":84,"column":8},"end":{"line":84,"column":29}},"46":{"start":{"line":85,"column":8},"end":{"line":88,"column":9}},"47":{"start":{"line":86,"column":31},"end":{"line":86,"column":32}},"48":{"start":{"line":87,"column":12},"end":{"line":87,"column":40}},"49":{"start":{"line":89,"column":8},"end":{"line":89,"column":30}},"50":{"start":{"line":90,"column":25},"end":{"line":90,"column":43}},"51":{"start":{"line":91,"column":8},"end":{"line":93,"column":9}},"52":{"start":{"line":92,"column":12},"end":{"line":92,"column":66}},"53":{"start":{"line":94,"column":8},"end":{"line":94,"column":21}},"54":{"start":{"line":96,"column":8},"end":{"line":96,"column":22}},"55":{"start":{"line":97,"column":8},"end":{"line":97,"column":32}},"56":{"start":{"line":98,"column":8},"end":{"line":98,"column":58}},"57":{"start":{"line":100,"column":8},"end":{"line":100,"column":24}},"58":{"start":{"line":102,"column":4},"end":{"line":102,"column":17}},"59":{"start":{"line":105,"column":25},"end":{"line":107,"column":1}},"60":{"start":{"line":106,"column":4},"end":{"line":106,"column":46}}},"fnMap":{"0":{"name":"(anonymous_0)","decl":{"start":{"line":7,"column":19},"end":{"line":7,"column":20}},"loc":{"start":{"line":7,"column":25},"end":{"line":25,"column":1}},"line":7},"1":{"name":"(anonymous_1)","decl":{"start":{"line":19,"column":21},"end":{"line":19,"column":22}},"loc":{"start":{"line":19,"column":38},"end":{"line":22,"column":5}},"line":19},"2":{"name":"(anonymous_2)","decl":{"start":{"line":27,"column":34},"end":{"line":27,"column":35}},"loc":{"start":{"line":27,"column":40},"end":{"line":38,"column":1}},"line":27},"3":{"name":"(anonymous_3)","decl":{"start":{"line":32,"column":31},"end":{"line":32,"column":32}},"loc":{"start":{"line":32,"column":45},"end":{"line":37,"column":5}},"line":32},"4":{"name":"(anonymous_4)","decl":{"start":{"line":40,"column":30},"end":{"line":40,"column":31}},"loc":{"start":{"line":40,"column":42},"end":{"line":55,"column":1}},"line":40},"5":{"name":"(anonymous_5)","decl":{"start":{"line":43,"column":36},"end":{"line":43,"column":37}},"loc":{"start":{"line":43,"column":50},"end":{"line":48,"column":5}},"line":43},"6":{"name":"(anonymous_6)","decl":{"start":{"line":49,"column":30},"end":{"line":49,"column":31}},"loc":{"start":{"line":49,"column":46},"end":{"line":54,"column":5}},"line":49},"7":{"name":"(anonymous_7)","decl":{"start":{"line":57,"column":21},"end":{"line":57,"column":22}},"loc":{"start":{"line":57,"column":37},"end":{"line":76,"column":1}},"line":57},"8":{"name":"(anonymous_8)","decl":{"start":{"line":78,"column":21},"end":{"line":78,"column":22}},"loc":{"start":{"line":78,"column":39},"end":{"line":103,"column":1}},"line":78},"9":{"name":"(anonymous_9)","decl":{"start":{"line":105,"column":25},"end":{"line":105,"column":26}},"loc":{"start":{"line":105,"column":37},"end":{"line":107,"column":1}},"line":105}},"branchMap":{"0":{"loc":{"start":{"line":33,"column":8},"end":{"line":35,"column":9}},"type":"if","locations":[{"start":{"line":33,"column":8},"end":{"line":35,"column":9}},{"start":{},"end":{}}],"line":33},"1":{"loc":{"start":{"line":44,"column":8},"end":{"line":46,"column":9}},"type":"if","locations":[{"start":{"line":44,"column":8},"end":{"line":46,"column":9}},{"start":{},"end":{}}],"line":44},"2":{"loc":{"start":{"line":51,"column":8},"end":{"line":53,"column":9}},"type":"if","locations":[{"start":{"line":51,"column":8},"end":{"line":53,"column":9}},{"start":{},"end":{}}],"line":51},"3":{"loc":{"start":{"line":65,"column":8},"end":{"line":67,"column":9}},"type":"if","locations":[{"start":{"line":65,"column":8},"end":{"line":67,"column":9}},{"start":{},"end":{}}],"line":65},"4":{"loc":{"start":{"line":70,"column":24},"end":{"line":70,"column":56}},"type":"cond-expr","locations":[{"start":{"line":70,"column":48},"end":{"line":70,"column":49}},{"start":{"line":70,"column":52},"end":{"line":70,"column":56}}],"line":70},"5":{"loc":{"start":{"line":78,"column":28},"end":{"line":78,"column":34}},"type":"default-arg","locations":[{"start":{"line":78,"column":32},"end":{"line":78,"column":34}}],"line":78},"6":{"loc":{"start":{"line":79,"column":4},"end":{"line":79,"column":25}},"type":"if","locations":[{"start":{"line":79,"column":4},"end":{"line":79,"column":25}},{"start":{},"end":{}}],"line":79},"7":{"loc":{"start":{"line":91,"column":8},"end":{"line":93,"column":9}},"type":"if","locations":[{"start":{"line":91,"column":8},"end":{"line":93,"column":9}},{"start":{},"end":{}}],"line":91},"8":{"loc":{"start":{"line":98,"column":25},"end":{"line":98,"column":57}},"type":"cond-expr","locations":[{"start":{"line":98,"column":49},"end":{"line":98,"column":50}},{"start":{"line":98,"column":53},"end":{"line":98,"column":57}}],"line":98}},"s":{"0":0,"1":0,"2":0,"3":0,"4":0,"5":0,"6":0,"7":0,"8":0,"9":0,"10":0,"11":0,"12":0,"13":0,"14":0,"15":0,"16":0,"17":0,"18":0,"19":0,"20":0,"21":0,"22":0,"23":0,"24":0,"25":0,"26":0,"27":0,"28":0,"29":0,"30":0,"31":0,"32":0,"33":0,"34":0,"35":0,"36":0,"37":0,"38":0,"39":0,"40":0,"41":0,"42":0,"43":0,"44":0,"45":0,"46":0,"47":0,"48":0,"49":0,"50":0,"51":0,"52":0,"53":0,"54":0,"55":0,"56":0,"57":0,"58":0,"59":0,"60":0},"f":{"0":0,"1":0,"2":0,"3":0,"4":0,"5":0,"6":0,"7":0,"8":0,"9":0},"b":{"0":[0,0],"1":[0,0],"2":[0,0],"3":[0,0],"4":[0,0],"5":[0],"6":[0,0],"7":[0,0],"8":[0,0]}}
,"C:\\Projects\\Aptos\\GraphQL\\src\\components\\webserver.js": {"path":"C:\\Projects\\Aptos\\GraphQL\\src\\components\\webserver.js","statementMap":{"0":{"start":{"line":10,"column":12},"end":{"line":10,"column":21}},"1":{"start":{"line":12,"column":14},"end":{"line":23,"column":1}},"2":{"start":{"line":13,"column":4},"end":{"line":13,"column":27}},"3":{"start":{"line":14,"column":4},"end":{"line":14,"column":51}},"4":{"start":{"line":16,"column":4},"end":{"line":16,"column":28}},"5":{"start":{"line":17,"column":17},"end":{"line":20,"column":6}},"6":{"start":{"line":22,"column":4},"end":{"line":22,"column":30}},"7":{"start":{"line":25,"column":28},"end":{"line":55,"column":1}},"8":{"start":{"line":26,"column":30},"end":{"line":26,"column":44}},"9":{"start":{"line":27,"column":24},"end":{"line":27,"column":27}},"10":{"start":{"line":28,"column":19},"end":{"line":28,"column":39}},"11":{"start":{"line":31,"column":4},"end":{"line":38,"column":5}},"12":{"start":{"line":32,"column":8},"end":{"line":35,"column":15}},"13":{"start":{"line":37,"column":8},"end":{"line":37,"column":50}},"14":{"start":{"line":40,"column":4},"end":{"line":40,"column":11}},"15":{"start":{"line":42,"column":20},"end":{"line":42,"column":98}},"16":{"start":{"line":44,"column":4},"end":{"line":52,"column":5}},"17":{"start":{"line":45,"column":8},"end":{"line":47,"column":10}},"18":{"start":{"line":46,"column":12},"end":{"line":46,"column":25}},"19":{"start":{"line":49,"column":8},"end":{"line":51,"column":10}},"20":{"start":{"line":50,"column":12},"end":{"line":50,"column":25}}},"fnMap":{"0":{"name":"(anonymous_0)","decl":{"start":{"line":12,"column":14},"end":{"line":12,"column":15}},"loc":{"start":{"line":12,"column":20},"end":{"line":23,"column":1}},"line":12},"1":{"name":"(anonymous_1)","decl":{"start":{"line":25,"column":28},"end":{"line":25,"column":29}},"loc":{"start":{"line":25,"column":34},"end":{"line":55,"column":1}},"line":25},"2":{"name":"(anonymous_2)","decl":{"start":{"line":45,"column":36},"end":{"line":45,"column":37}},"loc":{"start":{"line":45,"column":42},"end":{"line":47,"column":9}},"line":45},"3":{"name":"(anonymous_3)","decl":{"start":{"line":49,"column":35},"end":{"line":49,"column":36}},"loc":{"start":{"line":49,"column":41},"end":{"line":51,"column":9}},"line":49}},"branchMap":{"0":{"loc":{"start":{"line":28,"column":19},"end":{"line":28,"column":39}},"type":"binary-expr","locations":[{"start":{"line":28,"column":19},"end":{"line":28,"column":22}},{"start":{"line":28,"column":27},"end":{"line":28,"column":31}},{"start":{"line":28,"column":35},"end":{"line":28,"column":38}}],"line":28},"1":{"loc":{"start":{"line":31,"column":4},"end":{"line":38,"column":5}},"type":"if","locations":[{"start":{"line":31,"column":4},"end":{"line":38,"column":5}},{"start":{"line":36,"column":11},"end":{"line":38,"column":5}}],"line":31},"2":{"loc":{"start":{"line":33,"column":33},"end":{"line":33,"column":83}},"type":"cond-expr","locations":[{"start":{"line":33,"column":50},"end":{"line":33,"column":77}},{"start":{"line":33,"column":80},"end":{"line":33,"column":83}}],"line":33},"3":{"loc":{"start":{"line":34,"column":34},"end":{"line":34,"column":87}},"type":"cond-expr","locations":[{"start":{"line":34,"column":52},"end":{"line":34,"column":80}},{"start":{"line":34,"column":83},"end":{"line":34,"column":87}}],"line":34},"4":{"loc":{"start":{"line":42,"column":55},"end":{"line":42,"column":80}},"type":"cond-expr","locations":[{"start":{"line":42,"column":64},"end":{"line":42,"column":71}},{"start":{"line":42,"column":74},"end":{"line":42,"column":80}}],"line":42},"5":{"loc":{"start":{"line":44,"column":4},"end":{"line":52,"column":5}},"type":"if","locations":[{"start":{"line":44,"column":4},"end":{"line":52,"column":5}},{"start":{"line":48,"column":11},"end":{"line":52,"column":5}}],"line":44}},"s":{"0":0,"1":0,"2":0,"3":0,"4":0,"5":0,"6":0,"7":0,"8":0,"9":0,"10":0,"11":0,"12":0,"13":0,"14":0,"15":0,"16":0,"17":0,"18":0,"19":0,"20":0},"f":{"0":0,"1":0,"2":0,"3":0},"b":{"0":[0,0,0],"1":[0,0],"2":[0,0],"3":[0,0],"4":[0,0],"5":[0,0]}}
,"C:\\Projects\\Aptos\\GraphQL\\src\\components\\websocket.js": {"path":"C:\\Projects\\Aptos\\GraphQL\\src\\components\\websocket.js","statementMap":{"0":{"start":{"line":3,"column":25},"end":{"line":102,"column":1}},"1":{"start":{"line":4,"column":4},"end":{"line":4,"column":52}},"2":{"start":{"line":6,"column":4},"end":{"line":101,"column":6}},"3":{"start":{"line":8,"column":19},"end":{"line":8,"column":43}},"4":{"start":{"line":10,"column":8},"end":{"line":13,"column":11}},"5":{"start":{"line":15,"column":8},"end":{"line":100,"column":10}},"6":{"start":{"line":16,"column":36},"end":{"line":16,"column":51}},"7":{"start":{"line":18,"column":12},"end":{"line":99,"column":13}},"8":{"start":{"line":20,"column":20},"end":{"line":20,"column":65}},"9":{"start":{"line":21,"column":20},"end":{"line":21,"column":25}},"10":{"start":{"line":24,"column":20},"end":{"line":24,"column":65}},"11":{"start":{"line":25,"column":20},"end":{"line":25,"column":25}},"12":{"start":{"line":28,"column":20},"end":{"line":28,"column":64}},"13":{"start":{"line":29,"column":20},"end":{"line":29,"column":25}},"14":{"start":{"line":32,"column":20},"end":{"line":32,"column":68}},"15":{"start":{"line":33,"column":20},"end":{"line":33,"column":25}},"16":{"start":{"line":36,"column":20},"end":{"line":36,"column":66}},"17":{"start":{"line":37,"column":20},"end":{"line":37,"column":25}},"18":{"start":{"line":40,"column":20},"end":{"line":40,"column":78}},"19":{"start":{"line":41,"column":20},"end":{"line":41,"column":25}},"20":{"start":{"line":44,"column":20},"end":{"line":44,"column":83}},"21":{"start":{"line":45,"column":20},"end":{"line":45,"column":25}},"22":{"start":{"line":48,"column":20},"end":{"line":48,"column":85}},"23":{"start":{"line":49,"column":20},"end":{"line":49,"column":25}},"24":{"start":{"line":52,"column":20},"end":{"line":56,"column":22}},"25":{"start":{"line":57,"column":20},"end":{"line":57,"column":25}},"26":{"start":{"line":60,"column":20},"end":{"line":62,"column":22}},"27":{"start":{"line":63,"column":20},"end":{"line":63,"column":25}},"28":{"start":{"line":66,"column":20},"end":{"line":68,"column":22}},"29":{"start":{"line":69,"column":20},"end":{"line":69,"column":25}},"30":{"start":{"line":72,"column":20},"end":{"line":74,"column":22}},"31":{"start":{"line":75,"column":20},"end":{"line":75,"column":25}},"32":{"start":{"line":78,"column":20},"end":{"line":80,"column":22}},"33":{"start":{"line":81,"column":20},"end":{"line":81,"column":25}},"34":{"start":{"line":84,"column":20},"end":{"line":84,"column":70}},"35":{"start":{"line":85,"column":20},"end":{"line":85,"column":25}},"36":{"start":{"line":88,"column":20},"end":{"line":88,"column":72}},"37":{"start":{"line":89,"column":20},"end":{"line":89,"column":25}},"38":{"start":{"line":92,"column":20},"end":{"line":92,"column":71}},"39":{"start":{"line":93,"column":20},"end":{"line":93,"column":25}},"40":{"start":{"line":96,"column":20},"end":{"line":96,"column":74}},"41":{"start":{"line":97,"column":20},"end":{"line":97,"column":25}},"42":{"start":{"line":104,"column":24},"end":{"line":109,"column":1}},"43":{"start":{"line":105,"column":4},"end":{"line":108,"column":7}},"44":{"start":{"line":111,"column":25},"end":{"line":117,"column":1}},"45":{"start":{"line":112,"column":4},"end":{"line":116,"column":6}},"46":{"start":{"line":113,"column":8},"end":{"line":115,"column":9}},"47":{"start":{"line":114,"column":12},"end":{"line":114,"column":45}}},"fnMap":{"0":{"name":"(anonymous_0)","decl":{"start":{"line":3,"column":25},"end":{"line":3,"column":26}},"loc":{"start":{"line":3,"column":37},"end":{"line":102,"column":1}},"line":3},"1":{"name":"(anonymous_1)","decl":{"start":{"line":6,"column":25},"end":{"line":6,"column":26}},"loc":{"start":{"line":6,"column":38},"end":{"line":101,"column":5}},"line":6},"2":{"name":"(anonymous_2)","decl":{"start":{"line":15,"column":25},"end":{"line":15,"column":26}},"loc":{"start":{"line":15,"column":40},"end":{"line":100,"column":9}},"line":15},"3":{"name":"(anonymous_3)","decl":{"start":{"line":104,"column":24},"end":{"line":104,"column":25}},"loc":{"start":{"line":104,"column":47},"end":{"line":109,"column":1}},"line":104},"4":{"name":"(anonymous_4)","decl":{"start":{"line":111,"column":25},"end":{"line":111,"column":26}},"loc":{"start":{"line":111,"column":35},"end":{"line":117,"column":1}},"line":111},"5":{"name":"each","decl":{"start":{"line":112,"column":33},"end":{"line":112,"column":37}},"loc":{"start":{"line":112,"column":46},"end":{"line":116,"column":5}},"line":112}},"branchMap":{"0":{"loc":{"start":{"line":18,"column":12},"end":{"line":99,"column":13}},"type":"switch","locations":[{"start":{"line":19,"column":16},"end":{"line":22,"column":17}},{"start":{"line":23,"column":16},"end":{"line":26,"column":17}},{"start":{"line":27,"column":16},"end":{"line":30,"column":17}},{"start":{"line":31,"column":16},"end":{"line":34,"column":17}},{"start":{"line":35,"column":16},"end":{"line":38,"column":17}},{"start":{"line":39,"column":16},"end":{"line":42,"column":17}},{"start":{"line":43,"column":16},"end":{"line":46,"column":17}},{"start":{"line":47,"column":16},"end":{"line":50,"column":17}},{"start":{"line":51,"column":16},"end":{"line":58,"column":17}},{"start":{"line":59,"column":16},"end":{"line":64,"column":17}},{"start":{"line":65,"column":16},"end":{"line":70,"column":17}},{"start":{"line":71,"column":16},"end":{"line":76,"column":17}},{"start":{"line":77,"column":16},"end":{"line":82,"column":17}},{"start":{"line":83,"column":16},"end":{"line":86,"column":17}},{"start":{"line":87,"column":16},"end":{"line":90,"column":17}},{"start":{"line":91,"column":16},"end":{"line":94,"column":17}},{"start":{"line":95,"column":16},"end":{"line":98,"column":17}}],"line":18},"1":{"loc":{"start":{"line":113,"column":8},"end":{"line":115,"column":9}},"type":"if","locations":[{"start":{"line":113,"column":8},"end":{"line":115,"column":9}},{"start":{},"end":{}}],"line":113}},"s":{"0":0,"1":0,"2":0,"3":0,"4":0,"5":0,"6":0,"7":0,"8":0,"9":0,"10":0,"11":0,"12":0,"13":0,"14":0,"15":0,"16":0,"17":0,"18":0,"19":0,"20":0,"21":0,"22":0,"23":0,"24":0,"25":0,"26":0,"27":0,"28":0,"29":0,"30":0,"31":0,"32":0,"33":0,"34":0,"35":0,"36":0,"37":0,"38":0,"39":0,"40":0,"41":0,"42":0,"43":0,"44":0,"45":0,"46":0,"47":0},"f":{"0":0,"1":0,"2":0,"3":0,"4":0,"5":0},"b":{"0":[0,0,0,0,0,0,0,0,0,0,0,0,0,0,0,0,0],"1":[0,0]}}
,"C:\\Projects\\Aptos\\GraphQL\\src\\graphql\\resolvers\\index.js": {"path":"C:\\Projects\\Aptos\\GraphQL\\src\\graphql\\resolvers\\index.js","statementMap":{"0":{"start":{"line":4,"column":14},"end":{"line":65,"column":1}},"1":{"start":{"line":5,"column":17},"end":{"line":5,"column":51}},"2":{"start":{"line":7,"column":22},"end":{"line":9,"column":53}},"3":{"start":{"line":10,"column":23},"end":{"line":10,"column":25}},"4":{"start":{"line":11,"column":8},"end":{"line":18,"column":9}},"5":{"start":{"line":12,"column":26},"end":{"line":12,"column":41}},"6":{"start":{"line":13,"column":29},"end":{"line":13,"column":53}},"7":{"start":{"line":14,"column":12},"end":{"line":17,"column":14}},"8":{"start":{"line":19,"column":8},"end":{"line":19,"column":21}},"9":{"start":{"line":22,"column":22},"end":{"line":24,"column":53}},"10":{"start":{"line":25,"column":23},"end":{"line":25,"column":25}},"11":{"start":{"line":26,"column":20},"end":{"line":34,"column":9}},"12":{"start":{"line":35,"column":8},"end":{"line":47,"column":9}},"13":{"start":{"line":36,"column":26},"end":{"line":36,"column":41}},"14":{"start":{"line":37,"column":29},"end":{"line":37,"column":52}},"15":{"start":{"line":38,"column":12},"end":{"line":45,"column":13}},"16":{"start":{"line":39,"column":16},"end":{"line":39,"column":48}},"17":{"start":{"line":41,"column":16},"end":{"line":44,"column":17}},"18":{"start":{"line":46,"column":12},"end":{"line":46,"column":38}},"19":{"start":{"line":48,"column":8},"end":{"line":48,"column":21}},"20":{"start":{"line":51,"column":21},"end":{"line":51,"column":30}},"21":{"start":{"line":52,"column":23},"end":{"line":52,"column":25}},"22":{"start":{"line":53,"column":8},"end":{"line":62,"column":9}},"23":{"start":{"line":54,"column":26},"end":{"line":54,"column":53}},"24":{"start":{"line":55,"column":29},"end":{"line":55,"column":54}},"25":{"start":{"line":56,"column":12},"end":{"line":61,"column":14}},"26":{"start":{"line":63,"column":8},"end":{"line":63,"column":21}},"27":{"start":{"line":67,"column":16},"end":{"line":78,"column":1}},"28":{"start":{"line":69,"column":23},"end":{"line":69,"column":25}},"29":{"start":{"line":70,"column":22},"end":{"line":70,"column":49}},"30":{"start":{"line":71,"column":25},"end":{"line":71,"column":79}},"31":{"start":{"line":72,"column":8},"end":{"line":76,"column":9}},"32":{"start":{"line":80,"column":25},"end":{"line":80,"column":41}}},"fnMap":{"0":{"name":"(anonymous_0)","decl":{"start":{"line":5,"column":11},"end":{"line":5,"column":12}},"loc":{"start":{"line":5,"column":17},"end":{"line":5,"column":51}},"line":5},"1":{"name":"(anonymous_1)","decl":{"start":{"line":6,"column":12},"end":{"line":6,"column":13}},"loc":{"start":{"line":6,"column":31},"end":{"line":20,"column":5}},"line":6},"2":{"name":"(anonymous_2)","decl":{"start":{"line":21,"column":12},"end":{"line":21,"column":13}},"loc":{"start":{"line":21,"column":31},"end":{"line":49,"column":5}},"line":21},"3":{"name":"(anonymous_3)","decl":{"start":{"line":50,"column":13},"end":{"line":50,"column":14}},"loc":{"start":{"line":50,"column":32},"end":{"line":64,"column":5}},"line":50},"4":{"name":"(anonymous_4)","decl":{"start":{"line":68,"column":13},"end":{"line":68,"column":14}},"loc":{"start":{"line":68,"column":50},"end":{"line":77,"column":5}},"line":68}},"branchMap":{"0":{"loc":{"start":{"line":7,"column":22},"end":{"line":9,"column":53}},"type":"cond-expr","locations":[{"start":{"line":8,"column":12},"end":{"line":8,"column":30}},{"start":{"line":9,"column":12},"end":{"line":9,"column":53}}],"line":7},"1":{"loc":{"start":{"line":7,"column":22},"end":{"line":7,"column":47}},"type":"binary-expr","locations":[{"start":{"line":7,"column":22},"end":{"line":7,"column":32}},{"start":{"line":7,"column":36},"end":{"line":7,"column":47}}],"line":7},"2":{"loc":{"start":{"line":9,"column":12},"end":{"line":9,"column":53}},"type":"cond-expr","locations":[{"start":{"line":9,"column":24},"end":{"line":9,"column":35}},{"start":{"line":9,"column":38},"end":{"line":9,"column":53}}],"line":9},"3":{"loc":{"start":{"line":16,"column":24},"end":{"line":16,"column":73}},"type":"cond-expr","locations":[{"start":{"line":16,"column":38},"end":{"line":16,"column":54}},{"start":{"line":16,"column":57},"end":{"line":16,"column":73}}],"line":16},"4":{"loc":{"start":{"line":22,"column":22},"end":{"line":24,"column":53}},"type":"cond-expr","locations":[{"start":{"line":23,"column":12},"end":{"line":23,"column":30}},{"start":{"line":24,"column":12},"end":{"line":24,"column":53}}],"line":22},"5":{"loc":{"start":{"line":22,"column":22},"end":{"line":22,"column":47}},"type":"binary-expr","locations":[{"start":{"line":22,"column":22},"end":{"line":22,"column":32}},{"start":{"line":22,"column":36},"end":{"line":22,"column":47}}],"line":22},"6":{"loc":{"start":{"line":24,"column":12},"end":{"line":24,"column":53}},"type":"cond-expr","locations":[{"start":{"line":24,"column":24},"end":{"line":24,"column":35}},{"start":{"line":24,"column":38},"end":{"line":24,"column":53}}],"line":24},"7":{"loc":{"start":{"line":38,"column":12},"end":{"line":45,"column":13}},"type":"if","locations":[{"start":{"line":38,"column":12},"end":{"line":45,"column":13}},{"start":{"line":40,"column":19},"end":{"line":45,"column":13}}],"line":38},"8":{"loc":{"start":{"line":58,"column":36},"end":{"line":58,"column":97}},"type":"cond-expr","locations":[{"start":{"line":58,"column":50},"end":{"line":58,"column":85}},{"start":{"line":58,"column":88},"end":{"line":58,"column":97}}],"line":58},"9":{"loc":{"start":{"line":59,"column":33},"end":{"line":59,"column":84}},"type":"cond-expr","locations":[{"start":{"line":59,"column":47},"end":{"line":59,"column":79}},{"start":{"line":59,"column":82},"end":{"line":59,"column":84}}],"line":59},"10":{"loc":{"start":{"line":60,"column":25},"end":{"line":60,"column":62}},"type":"cond-expr","locations":[{"start":{"line":60,"column":39},"end":{"line":60,"column":43}},{"start":{"line":60,"column":46},"end":{"line":60,"column":62}}],"line":60},"11":{"loc":{"start":{"line":73,"column":18},"end":{"line":73,"column":65}},"type":"cond-expr","locations":[{"start":{"line":73,"column":32},"end":{"line":73,"column":53}},{"start":{"line":73,"column":56},"end":{"line":73,"column":65}}],"line":73},"12":{"loc":{"start":{"line":74,"column":21},"end":{"line":74,"column":64}},"type":"cond-expr","locations":[{"start":{"line":74,"column":35},"end":{"line":74,"column":59}},{"start":{"line":74,"column":62},"end":{"line":74,"column":64}}],"line":74},"13":{"loc":{"start":{"line":75,"column":21},"end":{"line":75,"column":58}},"type":"cond-expr","locations":[{"start":{"line":75,"column":35},"end":{"line":75,"column":39}},{"start":{"line":75,"column":42},"end":{"line":75,"column":58}}],"line":75}},"s":{"0":0,"1":0,"2":0,"3":0,"4":0,"5":0,"6":0,"7":0,"8":0,"9":0,"10":0,"11":0,"12":0,"13":0,"14":0,"15":0,"16":0,"17":0,"18":0,"19":0,"20":0,"21":0,"22":0,"23":0,"24":0,"25":0,"26":0,"27":0,"28":0,"29":0,"30":0,"31":0,"32":0},"f":{"0":0,"1":0,"2":0,"3":0,"4":0},"b":{"0":[0,0],"1":[0,0],"2":[0,0],"3":[0,0],"4":[0,0],"5":[0,0],"6":[0,0],"7":[0,0],"8":[0,0],"9":[0,0],"10":[0,0],"11":[0,0],"12":[0,0],"13":[0,0]}}
,"C:\\Projects\\Aptos\\GraphQL\\src\\helpers\\isset.js": {"path":"C:\\Projects\\Aptos\\GraphQL\\src\\helpers\\isset.js","statementMap":{"0":{"start":{"line":1,"column":21},"end":{"line":7,"column":1}},"1":{"start":{"line":2,"column":4},"end":{"line":6,"column":5}},"2":{"start":{"line":3,"column":8},"end":{"line":3,"column":91}},"3":{"start":{"line":5,"column":8},"end":{"line":5,"column":20}}},"fnMap":{"0":{"name":"(anonymous_0)","decl":{"start":{"line":1,"column":21},"end":{"line":1,"column":22}},"loc":{"start":{"line":1,"column":45},"end":{"line":7,"column":1}},"line":1}},"branchMap":{"0":{"loc":{"start":{"line":1,"column":25},"end":{"line":1,"column":40}},"type":"default-arg","locations":[{"start":{"line":1,"column":36},"end":{"line":1,"column":40}}],"line":1},"1":{"loc":{"start":{"line":3,"column":15},"end":{"line":3,"column":91}},"type":"cond-expr","locations":[{"start":{"line":3,"column":26},"end":{"line":3,"column":50}},{"start":{"line":3,"column":53},"end":{"line":3,"column":91}}],"line":3},"2":{"loc":{"start":{"line":3,"column":53},"end":{"line":3,"column":91}},"type":"binary-expr","locations":[{"start":{"line":3,"column":53},"end":{"line":3,"column":77}},{"start":{"line":3,"column":81},"end":{"line":3,"column":91}}],"line":3}},"s":{"0":0,"1":0,"2":0,"3":0},"f":{"0":0},"b":{"0":[0],"1":[0,0],"2":[0,0]}}
,"C:\\Projects\\Aptos\\GraphQL\\src\\helpers\\logging.js": {"path":"C:\\Projects\\Aptos\\GraphQL\\src\\helpers\\logging.js","statementMap":{"0":{"start":{"line":3,"column":19},"end":{"line":6,"column":1}},"1":{"start":{"line":4,"column":17},"end":{"line":4,"column":57}},"2":{"start":{"line":5,"column":4},"end":{"line":5,"column":82}},"3":{"start":{"line":8,"column":13},"end":{"line":8,"column":56}},"4":{"start":{"line":8,"column":31},"end":{"line":8,"column":56}},"5":{"start":{"line":9,"column":14},"end":{"line":9,"column":58}},"6":{"start":{"line":9,"column":32},"end":{"line":9,"column":58}},"7":{"start":{"line":10,"column":14},"end":{"line":10,"column":58}},"8":{"start":{"line":10,"column":32},"end":{"line":10,"column":58}},"9":{"start":{"line":11,"column":14},"end":{"line":11,"column":19}}},"fnMap":{"0":{"name":"(anonymous_0)","decl":{"start":{"line":3,"column":19},"end":{"line":3,"column":20}},"loc":{"start":{"line":3,"column":54},"end":{"line":6,"column":1}},"line":3},"1":{"name":"(anonymous_1)","decl":{"start":{"line":8,"column":13},"end":{"line":8,"column":14}},"loc":{"start":{"line":8,"column":31},"end":{"line":8,"column":56}},"line":8},"2":{"name":"(anonymous_2)","decl":{"start":{"line":9,"column":14},"end":{"line":9,"column":15}},"loc":{"start":{"line":9,"column":32},"end":{"line":9,"column":58}},"line":9},"3":{"name":"(anonymous_3)","decl":{"start":{"line":10,"column":14},"end":{"line":10,"column":15}},"loc":{"start":{"line":10,"column":32},"end":{"line":10,"column":58}},"line":10}},"branchMap":{"0":{"loc":{"start":{"line":3,"column":25},"end":{"line":3,"column":40}},"type":"default-arg","locations":[{"start":{"line":3,"column":34},"end":{"line":3,"column":40}}],"line":3}},"s":{"0":0,"1":0,"2":0,"3":0,"4":0,"5":0,"6":0,"7":0,"8":0,"9":0},"f":{"0":0,"1":0,"2":0,"3":0},"b":{"0":[0]}}
}
